<?xml version="1.0" encoding="UTF-8"?>
<testng-results ignored="0" total="1" passed="1" failed="0" skipped="0">
  <reporter-output>
  </reporter-output>
  <suite started-at="2024-04-08T12:59:13 IST" name="MyTestSuite" finished-at="2024-04-08T12:59:19 IST" duration-ms="6101">
    <groups>
    </groups>
    <test started-at="2024-04-08T12:59:13 IST" name="MyTest" finished-at="2024-04-08T12:59:19 IST" duration-ms="6101">
      <class name="com.example.report.TestSuite1.sampleTestCase">
        <test-method signature="main()[pri:0, instance:com.example.report.TestSuite1.sampleTestCase@769a1df5]" started-at="2024-04-08T12:59:13 IST" name="main" finished-at="2024-04-08T12:59:19 IST" duration-ms="6074" status="PASS">
          <reporter-output>
          </reporter-output>
        </test-method> <!-- main -->
      </class> <!-- com.example.report.TestSuite1.sampleTestCase -->
    </test> <!-- MyTest -->
  </suite> <!-- MyTestSuite -->
</testng-results>
